0 info it worked if it ends with ok
1 verbose cli [ '/usr/bin/node', '/usr/bin/npm', 'start' ]
2 info using npm@3.10.10
3 info using node@v6.12.2
4 verbose run-script [ 'prestart', 'start', 'poststart' ]
5 info lifecycle chatapp@1.0.0~prestart: chatapp@1.0.0
6 silly lifecycle chatapp@1.0.0~prestart: no script for prestart, continuing
7 info lifecycle chatapp@1.0.0~start: chatapp@1.0.0
8 verbose lifecycle chatapp@1.0.0~start: unsafe-perm in lifecycle true
9 verbose lifecycle chatapp@1.0.0~start: PATH: /usr/lib/node_modules/npm/bin/node-gyp-bin:/home/sidkathuria14/Desktop/ChatApp/node_modules/.bin:/home/sidkathuria14/anaconda2/bin:/home/sidkathuria14/.local/share/umake/bin:/home/sidkathuria14/bin:/home/sidkathuria14/.local/bin:/usr/local/sbin:/usr/local/bin:/usr/sbin:/usr/bin:/sbin:/bin:/usr/games:/usr/local/games:/snap/bin:/home/sidkathuria14/.rvm/bin:/home/sidkathuria14/NVPACK/android-sdk-linux/tools:/home/sidkathuria14/NVPACK/android-sdk-linux/platform-tools:/home/sidkathuria14/NVPACK/android-sdk-linux/build-tools:/home/sidkathuria14/NVPACK/android-sdk-linux/extras/android/support:/home/sidkathuria14/NVPACK/android-ndk-r12b:/home/sidkathuria14/NVPACK/apache-ant-1.8.2/bin:/home/sidkathuria14/NVPACK/gradle-2.9/bin:/home/sidkathuria14/.rvm/bin
10 verbose lifecycle chatapp@1.0.0~start: CWD: /home/sidkathuria14/Desktop/ChatApp
11 silly lifecycle chatapp@1.0.0~start: Args: [ '-c', 'node app.js' ]
12 silly lifecycle chatapp@1.0.0~start: Returned: code: 1  signal: null
13 info lifecycle chatapp@1.0.0~start: Failed to exec start script
14 verbose stack Error: chatapp@1.0.0 start: `node app.js`
14 verbose stack Exit status 1
14 verbose stack     at EventEmitter.<anonymous> (/usr/lib/node_modules/npm/lib/utils/lifecycle.js:255:16)
14 verbose stack     at emitTwo (events.js:106:13)
14 verbose stack     at EventEmitter.emit (events.js:191:7)
14 verbose stack     at ChildProcess.<anonymous> (/usr/lib/node_modules/npm/lib/utils/spawn.js:40:14)
14 verbose stack     at emitTwo (events.js:106:13)
14 verbose stack     at ChildProcess.emit (events.js:191:7)
14 verbose stack     at maybeClose (internal/child_process.js:920:16)
14 verbose stack     at Process.ChildProcess._handle.onexit (internal/child_process.js:230:5)
15 verbose pkgid chatapp@1.0.0
16 verbose cwd /home/sidkathuria14/Desktop/ChatApp
17 error Linux 4.13.0-26-generic
18 error argv "/usr/bin/node" "/usr/bin/npm" "start"
19 error node v6.12.2
20 error npm  v3.10.10
21 error code ELIFECYCLE
22 error chatapp@1.0.0 start: `node app.js`
22 error Exit status 1
23 error Failed at the chatapp@1.0.0 start script 'node app.js'.
23 error Make sure you have the latest version of node.js and npm installed.
23 error If you do, this is most likely a problem with the chatapp package,
23 error not with npm itself.
23 error Tell the author that this fails on your system:
23 error     node app.js
23 error You can get information on how to open an issue for this project with:
23 error     npm bugs chatapp
23 error Or if that isn't available, you can get their info via:
23 error     npm owner ls chatapp
23 error There is likely additional logging output above.
24 verbose exit [ 1, true ]
